<?xml version="1.0" encoding="UTF-8"?>
<testng-results skipped="0" failed="0" total="1" passed="1">
  <reporter-output>
  </reporter-output>
  <suite name="Suite" duration-ms="72984" started-at="2020-06-14T17:40:48Z" finished-at="2020-06-14T17:42:01Z">
    <groups>
    </groups>
    <test name="Test" duration-ms="72984" started-at="2020-06-14T17:40:48Z" finished-at="2020-06-14T17:42:01Z">
      <class name="mil.dtic.selenium.RunTest">
        <test-method status="PASS" signature="beforeClass()[pri:0, instance:mil.dtic.selenium.RunTest@5f375618]" name="beforeClass" is-config="true" duration-ms="1495" started-at="2020-06-14T13:40:48Z" finished-at="2020-06-14T13:40:49Z">
          <reporter-output>
          </reporter-output>
        </test-method> <!-- beforeClass -->
        <test-method status="PASS" signature="readExcel()[pri:0, instance:mil.dtic.selenium.RunTest@5f375618]" name="readExcel" duration-ms="71474" started-at="2020-06-14T13:40:49Z" finished-at="2020-06-14T13:42:01Z">
          <reporter-output>
          </reporter-output>
        </test-method> <!-- readExcel -->
        <test-method status="PASS" signature="afterClass()[pri:0, instance:mil.dtic.selenium.RunTest@5f375618]" name="afterClass" is-config="true" duration-ms="1" started-at="2020-06-14T13:42:01Z" finished-at="2020-06-14T13:42:01Z">
          <reporter-output>
          </reporter-output>
        </test-method> <!-- afterClass -->
      </class> <!-- mil.dtic.selenium.RunTest -->
    </test> <!-- Test -->
  </suite> <!-- Suite -->
</testng-results>
